#
# There is insufficient memory for the Java Runtime Environment to continue.
# Native memory allocation (malloc) failed to allocate 32744 bytes for ChunkPool::allocate
# Possible reasons:
#   The system is out of physical RAM or swap space
#   In 32 bit mode, the process size limit was hit
# Possible solutions:
#   Reduce memory load on the system
#   Increase physical memory or swap space
#   Check if swap backing store is full
#   Use 64 bit Java on a 64 bit OS
#   Decrease Java heap size (-Xmx/-Xms)
#   Decrease number of Java threads
#   Decrease Java thread stack sizes (-Xss)
#   Set larger code cache with -XX:ReservedCodeCacheSize=
# This output file may be truncated or incomplete.
#
#  Out of Memory Error (allocation.cpp:273), pid=6936, tid=0x00000000000019e4
#
# JRE version: Java(TM) SE Runtime Environment (8.0_121-b13) (build 1.8.0_121-b13)
# Java VM: Java HotSpot(TM) 64-Bit Server VM (25.121-b13 mixed mode windows-amd64 compressed oops)
# Failed to write core dump. Minidumps are not enabled by default on client versions of Windows
#

---------------  T H R E A D  ---------------

Current thread (0x0000000058a9b800):  JavaThread "restartedMain" [_thread_in_vm, id=6628, stack(0x000000005a040000,0x000000005a140000)]

Stack: [0x000000005a040000,0x000000005a140000]
[error occurred during error reporting (printing stack bounds), id 0xc0000005]

Native frames: (J=compiled Java code, j=interpreted, Vv=VM code, C=native code)

Java frames: (J=compiled Java code, j=interpreted, Vv=VM code)
J 2007  java.lang.Class.getDeclaredConstructors0(Z)[Ljava/lang/reflect/Constructor; (0 bytes) @ 0x0000000002d1023b [0x0000000002d10200+0x3b]
J 1213 C1 java.lang.Class.privateGetDeclaredConstructors(Z)[Ljava/lang/reflect/Constructor; (85 bytes) @ 0x0000000002b83a1c [0x0000000002b838a0+0x17c]
J 1280 C1 java.lang.Class.getConstructor0([Ljava/lang/Class;I)Ljava/lang/reflect/Constructor; (103 bytes) @ 0x0000000002ba73bc [0x0000000002ba7360+0x5c]
J 1860 C1 java.lang.reflect.Proxy.newProxyInstance(Ljava/lang/ClassLoader;[Ljava/lang/Class;Ljava/lang/reflect/InvocationHandler;)Ljava/lang/Object; (174 bytes) @ 0x0000000002ccb2d4 [0x0000000002ccb160+0x174]
J 1864 C1 sun.reflect.annotation.AnnotationParser$1.run()Ljava/lang/annotation/Annotation; (40 bytes) @ 0x0000000002ccd51c [0x0000000002ccd240+0x2dc]
J 1863 C1 sun.reflect.annotation.AnnotationParser$1.run()Ljava/lang/Object; (5 bytes) @ 0x0000000002cccf14 [0x0000000002cccee0+0x34]
v  ~StubRoutines::call_stub
J 618  java.security.AccessController.doPrivileged(Ljava/security/PrivilegedAction;)Ljava/lang/Object; (0 bytes) @ 0x0000000002aaafd2 [0x0000000002aaaf80+0x52]
J 1708 C1 sun.reflect.annotation.AnnotationParser.parseAnnotation2(Ljava/nio/ByteBuffer;Lsun/reflect/ConstantPool;Ljava/lang/Class;Z[Ljava/lang/Class;)Ljava/lang/annotation/Annotation; (284 bytes) @ 0x0000000002c6bee4 [0x0000000002c6b960+0x584]
J 2452 C1 sun.reflect.annotation.AnnotationParser.parseAnnotations2([BLsun/reflect/ConstantPool;Ljava/lang/Class;[Ljava/lang/Class;)Ljava/util/Map; (135 bytes) @ 0x0000000002de449c [0x0000000002de4240+0x25c]
J 982 C1 sun.reflect.annotation.AnnotationParser.parseAnnotations([BLsun/reflect/ConstantPool;Ljava/lang/Class;)Ljava/util/Map; (37 bytes) @ 0x0000000002b3501c [0x0000000002b34fe0+0x3c]
J 1437 C1 java.lang.reflect.Executable.declaredAnnotations()Ljava/util/Map; (59 bytes) @ 0x0000000002c0e814 [0x0000000002c0e600+0x214]
J 1437 C1 java.lang.reflect.Executable.declaredAnnotations()Ljava/util/Map; (59 bytes) @ 0x0000000002c0e72c [0x0000000002c0e600+0x12c]
J 2912 C1 org.springframework.orm.jpa.support.PersistenceAnnotationBeanPostProcessor.lambda$buildPersistenceMetadata$1(Ljava/lang/Class;Ljava/util/LinkedList;Ljava/lang/reflect/Method;)V (130 bytes) @ 0x0000000002ec6ef4 [0x0000000002ec6e60+0x94]
J 2911 C1 org.springframework.orm.jpa.support.PersistenceAnnotationBeanPostProcessor$$Lambda$269.doWith(Ljava/lang/reflect/Method;)V (17 bytes) @ 0x0000000002ec6a2c [0x0000000002ec69e0+0x4c]
J 3023 C1 org.springframework.util.ReflectionUtils.doWithLocalMethods(Ljava/lang/Class;Lorg/springframework/util/ReflectionUtils$MethodCallback;)V (88 bytes) @ 0x0000000002ef88e4 [0x0000000002ef8880+0x64]
j  org.springframework.orm.jpa.support.PersistenceAnnotationBeanPostProcessor.buildPersistenceMetadata(Ljava/lang/Class;)Lorg/springframework/beans/factory/annotation/InjectionMetadata;+41
j  org.springframework.orm.jpa.support.PersistenceAnnotationBeanPostProcessor.findPersistenceMetadata(Ljava/lang/String;Ljava/lang/Class;Lorg/springframework/beans/PropertyValues;)Lorg/springframework/beans/factory/annotation/InjectionMetadata;+88
j  org.springframework.orm.jpa.support.PersistenceAnnotationBeanPostProcessor.postProcessMergedBeanDefinition(Lorg/springframework/beans/factory/support/RootBeanDefinition;Ljava/lang/Class;Ljava/lang/String;)V+4
j  org.springframework.beans.factory.support.AbstractAutowireCapableBeanFactory.applyMergedBeanDefinitionPostProcessors(Lorg/springframework/beans/factory/support/RootBeanDefinition;Ljava/lang/Class;Ljava/lang/String;)V+53
j  org.springframework.beans.factory.support.AbstractAutowireCapableBeanFactory.doCreateBean(Ljava/lang/String;Lorg/springframework/beans/factory/support/RootBeanDefinition;[Ljava/lang/Object;)Ljava/lang/Object;+90
j  org.springframework.beans.factory.support.AbstractAutowireCapableBeanFactory.createBean(Ljava/lang/String;Lorg/springframework/beans/factory/support/RootBeanDefinition;[Ljava/lang/Object;)Ljava/lang/Object;+169
j  org.springframework.beans.factory.support.AbstractBeanFactory.lambda$doGetBean$0(Ljava/lang/String;Lorg/springframework/beans/factory/support/RootBeanDefinition;[Ljava/lang/Object;)Ljava/lang/Object;+4
j  org.springframework.beans.factory.support.AbstractBeanFactory$$Lambda$137.getObject()Ljava/lang/Object;+16
j  org.springframework.beans.factory.support.DefaultSingletonBeanRegistry.getSingleton(Ljava/lang/String;Lorg/springframework/beans/factory/ObjectFactory;)Ljava/lang/Object;+132
J 3454 C1 org.springframework.beans.factory.support.AbstractBeanFactory.doGetBean(Ljava/lang/String;Ljava/lang/Class;[Ljava/lang/Object;Z)Ljava/lang/Object; (833 bytes) @ 0x0000000002fb8774 [0x0000000002fb81c0+0x5b4]
j  org.springframework.beans.factory.support.AbstractBeanFactory.getBean(Ljava/lang/String;)Ljava/lang/Object;+5
j  org.springframework.beans.factory.config.DependencyDescriptor.resolveCandidate(Ljava/lang/String;Ljava/lang/Class;Lorg/springframework/beans/factory/BeanFactory;)Ljava/lang/Object;+2
j  org.springframework.beans.factory.support.DefaultListableBeanFactory.addCandidateEntry(Ljava/util/Map;Ljava/lang/String;Lorg/springframework/beans/factory/config/DependencyDescriptor;Ljava/lang/Class;)V+12
j  org.springframework.beans.factory.support.DefaultListableBeanFactory.findAutowireCandidates(Ljava/lang/String;Ljava/lang/Class;Lorg/springframework/beans/factory/config/DependencyDescriptor;)Ljava/util/Map;+183
j  org.springframework.beans.factory.support.DefaultListableBeanFactory.resolveMultipleBeans(Lorg/springframework/beans/factory/config/DependencyDescriptor;Ljava/lang/String;Ljava/util/Set;Lorg/springframework/beans/TypeConverter;)Ljava/lang/Object;+332
j  org.springframework.beans.factory.support.DefaultListableBeanFactory.doResolveDependency(Lorg/springframework/beans/factory/config/DependencyDescriptor;Ljava/lang/String;Ljava/util/Set;Lorg/springframework/beans/TypeConverter;)Ljava/lang/Object;+179
j  org.springframework.beans.factory.support.DefaultListableBeanFactory$DependencyObjectProvider.getIfAvailable()Ljava/lang/Object;+51
j  org.springframework.boot.autoconfigure.orm.jpa.HibernateJpaConfiguration.<init>(Ljavax/sql/DataSource;Lorg/springframework/boot/autoconfigure/orm/jpa/JpaProperties;Lorg/springframework/beans/factory/config/ConfigurableListableBeanFactory;Lorg/springframework/beans/factory/ObjectProvider;Lorg/springframework/beans/factory/ObjectProvider;Lorg/springframework/boot/autoconfigure/orm/jpa/HibernateProperties;Lorg/springframework/beans/factory/ObjectProvider;Lorg/springframework/beans/factory/ObjectProvider;Lorg/springframework/beans/factory/ObjectProvider;Lorg/springframework/beans/factory/ObjectProvider;Lorg/springframework/beans/factory/ObjectProvider;)V+36
j  org.springframework.boot.autoconfigure.orm.jpa.HibernateJpaConfiguration$$EnhancerBySpringCGLIB$$7067555e.<init>(Ljavax/sql/DataSource;Lorg/springframework/boot/autoconfigure/orm/jpa/JpaProperties;Lorg/springframework/beans/factory/config/ConfigurableListableBeanFactory;Lorg/springframework/beans/factory/ObjectProvider;Lorg/springframework/beans/factory/ObjectProvider;Lorg/springframework/boot/autoconfigure/orm/jpa/HibernateProperties;Lorg/springframework/beans/factory/ObjectProvider;Lorg/springframework/beans/factory/ObjectProvider;Lorg/springframework/beans/factory/ObjectProvider;Lorg/springframework/beans/factory/ObjectProvider;Lorg/springframework/beans/factory/ObjectProvider;)V+21
v  ~StubRoutines::call_stub
J 1087  sun.reflect.NativeConstructorAccessorImpl.newInstance0(Ljava/lang/reflect/Constructor;[Ljava/lang/Object;)Ljava/lang/Object; (0 bytes) @ 0x0000000002b56ea6 [0x0000000002b56e40+0x66]
J 1086 C1 sun.reflect.NativeConstructorAccessorImpl.newInstance([Ljava/lang/Object;)Ljava/lang/Object; (89 bytes) @ 0x0000000002b59c1c [0x0000000002b598e0+0x33c]
J 910 C1 sun.reflect.DelegatingConstructorAccessorImpl.newInstance([Ljava/lang/Object;)Ljava/lang/Object; (9 bytes) @ 0x0000000002b1ce64 [0x0000000002b1ce20+0x44]
J 887 C1 java.lang.reflect.Constructor.newInstance([Ljava/lang/Object;)Ljava/lang/Object; (87 bytes) @ 0x0000000002b1439c [0x0000000002b14280+0x11c]
J 2065 C1 org.springframework.beans.BeanUtils.instantiateClass(Ljava/lang/reflect/Constructor;[Ljava/lang/Object;)Ljava/lang/Object; (95 bytes) @ 0x0000000002d3e94c [0x0000000002d3e900+0x4c]
j  org.springframework.beans.factory.support.SimpleInstantiationStrategy.instantiate(Lorg/springframework/beans/factory/support/RootBeanDefinition;Ljava/lang/String;Lorg/springframework/beans/factory/BeanFactory;Ljava/lang/reflect/Constructor;[Ljava/lang/Object;)Ljava/lang/Object;+28
j  org.springframework.beans.factory.support.ConstructorResolver.instantiate(Ljava/lang/String;Lorg/springframework/beans/factory/support/RootBeanDefinition;Ljava/lang/reflect/Constructor;[Ljava/lang/Object;)Ljava/lang/Object;+50
j  org.springframework.beans.factory.support.ConstructorResolver.autowireConstructor(Ljava/lang/String;Lorg/springframework/beans/factory/support/RootBeanDefinition;[Ljava/lang/reflect/Constructor;[Ljava/lang/Object;)Lorg/springframework/beans/BeanWrapper;+920
j  org.springframework.beans.factory.support.AbstractAutowireCapableBeanFactory.autowireConstructor(Ljava/lang/String;Lorg/springframework/beans/factory/support/RootBeanDefinition;[Ljava/lang/reflect/Constructor;[Ljava/lang/Object;)Lorg/springframework/beans/BeanWrapper;+13
j  org.springframework.beans.factory.support.AbstractAutowireCapableBeanFactory.createBeanInstance(Ljava/lang/String;Lorg/springframework/beans/factory/support/RootBeanDefinition;[Ljava/lang/Object;)Lorg/springframework/beans/BeanWrapper;+221
j  org.springframework.beans.factory.support.AbstractAutowireCapableBeanFactory.doCreateBean(Ljava/lang/String;Lorg/springframework/beans/factory/support/RootBeanDefinition;[Ljava/lang/Object;)Ljava/lang/Object;+34
j  org.springframework.beans.factory.support.AbstractAutowireCapableBeanFactory.createBean(Ljava/lang/String;Lorg/springframework/beans/factory/support/RootBeanDefinition;[Ljava/lang/Object;)Ljava/lang/Object;+169
j  org.springframework.beans.factory.support.AbstractBeanFactory.lambda$doGetBean$0(Ljava/lang/String;Lorg/springframework/beans/factory/support/RootBeanDefinition;[Ljava/lang/Object;)Ljava/lang/Object;+4
j  org.springframework.beans.factory.support.AbstractBeanFactory$$Lambda$137.getObject()Ljava/lang/Object;+16
j  org.springframework.beans.factory.support.DefaultSingletonBeanRegistry.getSingleton(Ljava/lang/String;Lorg/springframework/beans/factory/ObjectFactory;)Ljava/lang/Object;+132
j  org.springframework.beans.factory.support.AbstractBeanFactory.doGetBean(Ljava/lang/String;Ljava/lang/Class;[Ljava/lang/Object;Z)Ljava/lang/Object;+467
j  org.springframework.beans.factory.support.AbstractBeanFactory.getBean(Ljava/lang/String;)Ljava/lang/Object;+5
j  org.springframework.beans.factory.support.ConstructorResolver.instantiateUsingFactoryMethod(Ljava/lang/String;Lorg/springframework/beans/factory/support/RootBeanDefinition;[Ljava/lang/Object;)Lorg/springframework/beans/BeanWrapper;+59
j  org.springframework.beans.factory.support.AbstractAutowireCapableBeanFactory.instantiateUsingFactoryMethod(Ljava/lang/String;Lorg/springframework/beans/factory/support/RootBeanDefinition;[Ljava/lang/Object;)Lorg/springframework/beans/BeanWrapper;+11
j  org.springframework.beans.factory.support.AbstractAutowireCapableBeanFactory.createBeanInstance(Ljava/lang/String;Lorg/springframework/beans/factory/support/RootBeanDefinition;[Ljava/lang/Object;)Lorg/springframework/beans/BeanWrapper;+101
j  org.springframework.beans.factory.support.AbstractAutowireCapableBeanFactory.doCreateBean(Ljava/lang/String;Lorg/springframework/beans/factory/support/RootBeanDefinition;[Ljava/lang/Object;)Ljava/lang/Object;+34
j  org.springframework.beans.factory.support.AbstractAutowireCapableBeanFactory.createBean(Ljava/lang/String;Lorg/springframework/beans/factory/support/RootBeanDefinition;[Ljava/lang/Object;)Ljava/lang/Object;+169
j  org.springframework.beans.factory.support.AbstractBeanFactory.lambda$doGetBean$0(Ljava/lang/String;Lorg/springframework/beans/factory/support/RootBeanDefinition;[Ljava/lang/Object;)Ljava/lang/Object;+4
j  org.springframework.beans.factory.support.AbstractBeanFactory$$Lambda$137.getObject()Ljava/lang/Object;+16
j  org.springframework.beans.factory.support.DefaultSingletonBeanRegistry.getSingleton(Ljava/lang/String;Lorg/springframework/beans/factory/ObjectFactory;)Ljava/lang/Object;+132
j  org.springframework.beans.factory.support.AbstractBeanFactory.doGetBean(Ljava/lang/String;Ljava/lang/Class;[Ljava/lang/Object;Z)Ljava/lang/Object;+467
j  org.springframework.beans.factory.support.AbstractBeanFactory.getBean(Ljava/lang/String;)Ljava/lang/Object;+5
j  org.springframework.context.support.AbstractApplicationContext.getBean(Ljava/lang/String;)Ljava/lang/Object;+9
j  org.springframework.context.support.AbstractApplicationContext.finishBeanFactoryInitialization(Lorg/springframework/beans/factory/config/ConfigurableListableBeanFactory;)V+100
j  org.springframework.context.support.AbstractApplicationContext.refresh()V+54
j  org.springframework.boot.web.servlet.context.ServletWebServerApplicationContext.refresh()V+1
j  org.springframework.boot.SpringApplication.refresh(Lorg/springframework/context/ApplicationContext;)V+10
j  org.springframework.boot.SpringApplication.refreshContext(Lorg/springframework/context/ConfigurableApplicationContext;)V+2
j  org.springframework.boot.SpringApplication.run([Ljava/lang/String;)Lorg/springframework/context/ConfigurableApplicationContext;+118
j  org.springframework.boot.SpringApplication.run([Ljava/lang/Class;[Ljava/lang/String;)Lorg/springframework/context/ConfigurableApplicationContext;+9
j  org.springframework.boot.SpringApplication.run(Ljava/lang/Class;[Ljava/lang/String;)Lorg/springframework/context/ConfigurableApplicationContext;+9
j  com.coderbd.sds.SdsApplication.main([Ljava/lang/String;)V+3
v  ~StubRoutines::call_stub
j  sun.reflect.NativeMethodAccessorImpl.invoke0(Ljava/lang/reflect/Method;Ljava/lang/Object;[Ljava/lang/Object;)Ljava/lang/Object;+0
j  sun.reflect.NativeMethodAccessorImpl.invoke(Ljava/lang/Object;[Ljava/lang/Object;)Ljava/lang/Object;+100
j  sun.reflect.DelegatingMethodAccessorImpl.invoke(Ljava/lang/Object;[Ljava/lang/Object;)Ljava/lang/Object;+6
j  java.lang.reflect.Method.invoke(Ljava/lang/Object;[Ljava/lang/Object;)Ljava/lang/Object;+56
j  org.springframework.boot.devtools.restart.RestartLauncher.run()V+41
v  ~StubRoutines::call_stub

---------------  P R O C E S S  ---------------

Java Threads: ( => current thread )
  0x0000000058c98800 JavaThread "Abandoned connection cleanup thread" daemon [_thread_blocked, id=3332, stack(0x000000005cd10000,0x000000005ce10000)]
  0x0000000058c97800 JavaThread "container-0" [_thread_blocked, id=5856, stack(0x000000005ca70000,0x000000005cb70000)]
  0x0000000058c97000 JavaThread "ContainerBackgroundProcessor[StandardEngine[Tomcat]]" daemon [_thread_blocked, id=3112, stack(0x0000000059ae0000,0x0000000059be0000)]
  0x0000000058c96000 JavaThread "RMI TCP Connection(6)-127.0.0.1" daemon [_thread_in_native, id=5672, stack(0x00000000598e0000,0x00000000599e0000)]
  0x0000000058c95800 JavaThread "RMI TCP Connection(3)-127.0.0.1" daemon [_thread_in_native, id=6564, stack(0x000000005a170000,0x000000005a270000)]
=>0x0000000058a9b800 JavaThread "restartedMain" [_thread_in_vm, id=6628, stack(0x000000005a040000,0x000000005a140000)]
  0x0000000058b32800 JavaThread "Thread-2" [_thread_blocked, id=6532, stack(0x0000000059f20000,0x000000005a020000)]
  0x00000000588f2000 JavaThread "RMI Scheduler(0)" daemon [_thread_blocked, id=3560, stack(0x0000000059be0000,0x0000000059ce0000)]
  0x00000000588f1000 JavaThread "RMI TCP Connection(5)-127.0.0.1" daemon [_thread_in_native, id=4080, stack(0x00000000599e0000,0x0000000059ae0000)]
  0x00000000588cd000 JavaThread "RMI TCP Connection(1)-127.0.0.1" daemon [_thread_in_native, id=2916, stack(0x00000000593f0000,0x00000000594f0000)]
  0x0000000058879000 JavaThread "RMI TCP Accept-0" daemon [_thread_in_native, id=6800, stack(0x0000000059560000,0x0000000059660000)]
  0x0000000058876800 JavaThread "RMI TCP Accept-56188" daemon [_thread_in_native, id=3720, stack(0x00000000592c0000,0x00000000593c0000)]
  0x000000005886e800 JavaThread "RMI TCP Accept-0" daemon [_thread_in_native, id=2012, stack(0x0000000059090000,0x0000000059190000)]
  0x0000000058578800 JavaThread "Service Thread" daemon [_thread_blocked, id=7160, stack(0x0000000058de0000,0x0000000058ee0000)]
  0x0000000057c9d000 JavaThread "C1 CompilerThread2" daemon [_thread_in_native, id=3920, stack(0x0000000058470000,0x0000000058570000)]
  0x0000000057c99000 JavaThread "C2 CompilerThread1" daemon [_thread_blocked, id=5252, stack(0x0000000058110000,0x0000000058210000)]
  0x0000000057c98000 JavaThread "C2 CompilerThread0" daemon [_thread_blocked, id=6876, stack(0x0000000058210000,0x0000000058310000)]
  0x0000000057c96800 JavaThread "Monitor Ctrl-Break" daemon [_thread_in_native, id=5608, stack(0x0000000057630000,0x0000000057730000)]
  0x0000000056599800 JavaThread "Attach Listener" daemon [_thread_blocked, id=5460, stack(0x0000000057ff0000,0x00000000580f0000)]
  0x0000000056598800 JavaThread "Signal Dispatcher" daemon [_thread_blocked, id=5148, stack(0x0000000057e00000,0x0000000057f00000)]
  0x000000005657f800 JavaThread "Finalizer" daemon [_thread_blocked, id=2624, stack(0x00000000577a0000,0x00000000578a0000)]
  0x0000000056538800 JavaThread "Reference Handler" daemon [_thread_blocked, id=4180, stack(0x0000000057520000,0x0000000057620000)]
  0x000000000216d000 JavaThread "main" [_thread_blocked, id=6684, stack(0x00000000024e0000,0x00000000025e0000)]

Other Threads:
  0x0000000056531000 VMThread [stack: 0x00000000573c0000,0x00000000574c0000] [id=5524]
  0x000000005887e000 WatcherThread [stack: 0x00000000596b0000,0x00000000597b0000] [id=6480]

VM state:not at safepoint (normal execution)

VM Mutex/Monitor currently owned by a thread: None

Heap:
 PSYoungGen      total 90112K, used 12724K [0x00000000e0900000, 0x00000000e8180000, 0x0000000100000000)
  eden space 81408K, 12% used [0x00000000e0900000,0x00000000e12ea330,0x00000000e5880000)
  from space 8704K, 29% used [0x00000000e5880000,0x00000000e5b02f88,0x00000000e6100000)
  to   space 8704K, 0% used [0x00000000e7900000,0x00000000e7900000,0x00000000e8180000)
 ParOldGen       total 44032K, used 19773K [0x00000000a1a00000, 0x00000000a4500000, 0x00000000e0900000)
  object space 44032K, 44% used [0x00000000a1a00000,0x00000000a2d4f760,0x00000000a4500000)
 Metaspace       used 34237K, capacity 35856K, committed 36224K, reserved 1081344K
  class space    used 4577K, capacity 4909K, committed 4992K, reserved 1048576K

Card table byte_map: [0x0000000011c70000,0x0000000011f70000] byte_map_base: 0x0000000011763000

Marking Bits: (ParMarkBitMap*) 0x0000000069fab6d0
 Begin Bits: [0x0000000012970000, 0x0000000014108000)
 End Bits:   [0x0000000014108000, 0x00000000158a0000)

Polling page: 0x0000000000360000

CodeCache: size=245760Kb used=7233Kb max_used=7233Kb free=238526Kb
 bounds [0x00000000028b0000, 0x0000000002fd0000, 0x00000000118b0000]
 total_blobs=3872 nmethods=3441 adapters=342
 compilation: enabled

Compilation events (10 events):
Event: 14.829 Thread 0x0000000057c9d000 nmethod 3455 0x0000000002fbf190 code [0x0000000002fbf2e0, 0x0000000002fbf3f0]
Event: 14.830 Thread 0x0000000057c9d000 3457   !   1       com.sun.proxy.$Proxy22::hashCode (32 bytes)
Event: 14.830 Thread 0x0000000057c9d000 nmethod 3457 0x0000000002fbf450 code [0x0000000002fbf5c0, 0x0000000002fbf7f8]
Event: 14.831 Thread 0x0000000057c9d000 3458       1       org.springframework.cglib.core.ClassEmitter::getSuperType (8 bytes)
Event: 14.831 Thread 0x0000000057c9d000 nmethod 3458 0x0000000002fbf990 code [0x0000000002fbfae0, 0x0000000002fbfc28]
Event: 14.834 Thread 0x0000000057c9d000 3460       1       org.springframework.asm.MethodWriter::visitIntInsn (113 bytes)
Event: 14.835 Thread 0x0000000057c9d000 nmethod 3460 0x0000000002fbfc90 code [0x0000000002fbfe20, 0x0000000002fc0068]
Event: 14.835 Thread 0x0000000057c9d000 3459       1       org.springframework.cglib.core.TypeUtils::fromInternalName (28 bytes)
Event: 14.836 Thread 0x0000000057c9d000 nmethod 3459 0x0000000002fc01d0 code [0x0000000002fc0360, 0x0000000002fc0668]
Event: 14.840 Thread 0x0000000057c9d000 3462       1       sun.misc.ProxyGenerator$ProxyMethod::generateMethod (733 bytes)

GC Heap History (10 events):
Event: 11.005 GC heap before
{Heap before GC invocations=11 (full 2):
 PSYoungGen      total 48640K, used 48279K [0x00000000e0900000, 0x00000000e6880000, 0x0000000100000000)
  eden space 44544K, 100% used [0x00000000e0900000,0x00000000e3480000,0x00000000e3480000)
  from space 4096K, 91% used [0x00000000e3d00000,0x00000000e40a5c30,0x00000000e4100000)
  to   space 8704K, 0% used [0x00000000e3480000,0x00000000e3480000,0x00000000e3d00000)
 ParOldGen       total 44032K, used 8408K [0x00000000a1a00000, 0x00000000a4500000, 0x00000000e0900000)
  object space 44032K, 19% used [0x00000000a1a00000,0x00000000a2236220,0x00000000a4500000)
 Metaspace       used 24521K, capacity 25326K, committed 25472K, reserved 1071104K
  class space    used 3208K, capacity 3436K, committed 3456K, reserved 1048576K
Event: 11.030 GC heap after
Heap after GC invocations=11 (full 2):
 PSYoungGen      total 53248K, used 2752K [0x00000000e0900000, 0x00000000e5700000, 0x0000000100000000)
  eden space 44544K, 0% used [0x00000000e0900000,0x00000000e0900000,0x00000000e3480000)
  from space 8704K, 31% used [0x00000000e3480000,0x00000000e3730318,0x00000000e3d00000)
  to   space 8704K, 0% used [0x00000000e4e80000,0x00000000e4e80000,0x00000000e5700000)
 ParOldGen       total 44032K, used 8416K [0x00000000a1a00000, 0x00000000a4500000, 0x00000000e0900000)
  object space 44032K, 19% used [0x00000000a1a00000,0x00000000a2238220,0x00000000a4500000)
 Metaspace       used 24521K, capacity 25326K, committed 25472K, reserved 1071104K
  class space    used 3208K, capacity 3436K, committed 3456K, reserved 1048576K
}
Event: 11.834 GC heap before
{Heap before GC invocations=12 (full 2):
 PSYoungGen      total 53248K, used 47296K [0x00000000e0900000, 0x00000000e5700000, 0x0000000100000000)
  eden space 44544K, 100% used [0x00000000e0900000,0x00000000e3480000,0x00000000e3480000)
  from space 8704K, 31% used [0x00000000e3480000,0x00000000e3730318,0x00000000e3d00000)
  to   space 8704K, 0% used [0x00000000e4e80000,0x00000000e4e80000,0x00000000e5700000)
 ParOldGen       total 44032K, used 8416K [0x00000000a1a00000, 0x00000000a4500000, 0x00000000e0900000)
  object space 44032K, 19% used [0x00000000a1a00000,0x00000000a2238220,0x00000000a4500000)
 Metaspace       used 26386K, capacity 27394K, committed 27648K, reserved 1073152K
  class space    used 3506K, capacity 3754K, committed 3840K, reserved 1048576K
Event: 11.847 GC heap after
Heap after GC invocations=12 (full 2):
 PSYoungGen      total 67072K, used 4392K [0x00000000e0900000, 0x00000000e5480000, 0x0000000100000000)
  eden space 60928K, 0% used [0x00000000e0900000,0x00000000e0900000,0x00000000e4480000)
  from space 6144K, 71% used [0x00000000e4e80000,0x00000000e52ca350,0x00000000e5480000)
  to   space 8192K, 0% used [0x00000000e4480000,0x00000000e4480000,0x00000000e4c80000)
 ParOldGen       total 44032K, used 9888K [0x00000000a1a00000, 0x00000000a4500000, 0x00000000e0900000)
  object space 44032K, 22% used [0x00000000a1a00000,0x00000000a23a8260,0x00000000a4500000)
 Metaspace       used 26386K, capacity 27394K, committed 27648K, reserved 1073152K
  class space    used 3506K, capacity 3754K, committed 3840K, reserved 1048576K
}
Event: 12.827 GC heap before
{Heap before GC invocations=13 (full 2):
 PSYoungGen      total 67072K, used 65320K [0x00000000e0900000, 0x00000000e5480000, 0x0000000100000000)
  eden space 60928K, 100% used [0x00000000e0900000,0x00000000e4480000,0x00000000e4480000)
  from space 6144K, 71% used [0x00000000e4e80000,0x00000000e52ca350,0x00000000e5480000)
  to   space 8192K, 0% used [0x00000000e4480000,0x00000000e4480000,0x00000000e4c80000)
 ParOldGen       total 44032K, used 9888K [0x00000000a1a00000, 0x00000000a4500000, 0x00000000e0900000)
  object space 44032K, 22% used [0x00000000a1a00000,0x00000000a23a8260,0x00000000a4500000)
 Metaspace       used 29047K, capacity 30216K, committed 30336K, reserved 1075200K
  class space    used 3894K, capacity 4173K, committed 4224K, reserved 1048576K
Event: 12.903 GC heap after
Heap after GC invocations=13 (full 2):
 PSYoungGen      total 69120K, used 4331K [0x00000000e0900000, 0x00000000e6980000, 0x0000000100000000)
  eden space 60928K, 0% used [0x00000000e0900000,0x00000000e0900000,0x00000000e4480000)
  from space 8192K, 52% used [0x00000000e4480000,0x00000000e48bad00,0x00000000e4c80000)
  to   space 8192K, 0% used [0x00000000e6180000,0x00000000e6180000,0x00000000e6980000)
 ParOldGen       total 44032K, used 12053K [0x00000000a1a00000, 0x00000000a4500000, 0x00000000e0900000)
  object space 44032K, 27% used [0x00000000a1a00000,0x00000000a25c55a8,0x00000000a4500000)
 Metaspace       used 29047K, capacity 30216K, committed 30336K, reserved 1075200K
  class space    used 3894K, capacity 4173K, committed 4224K, reserved 1048576K
}
Event: 13.790 GC heap before
{Heap before GC invocations=14 (full 2):
 PSYoungGen      total 69120K, used 65238K [0x00000000e0900000, 0x00000000e6980000, 0x0000000100000000)
  eden space 60928K, 99% used [0x00000000e0900000,0x00000000e447aef0,0x00000000e4480000)
  from space 8192K, 52% used [0x00000000e4480000,0x00000000e48bad00,0x00000000e4c80000)
  to   space 8192K, 0% used [0x00000000e6180000,0x00000000e6180000,0x00000000e6980000)
 ParOldGen       total 44032K, used 12053K [0x00000000a1a00000, 0x00000000a4500000, 0x00000000e0900000)
  object space 44032K, 27% used [0x00000000a1a00000,0x00000000a25c55a8,0x00000000a4500000)
 Metaspace       used 32681K, capacity 34254K, committed 34432K, reserved 1079296K
  class space    used 4387K, capacity 4724K, committed 4736K, reserved 1048576K
Event: 13.837 GC heap after
Heap after GC invocations=14 (full 2):
 PSYoungGen      total 89600K, used 7200K [0x00000000e0900000, 0x00000000e6980000, 0x0000000100000000)
  eden space 81408K, 0% used [0x00000000e0900000,0x00000000e0900000,0x00000000e5880000)
  from space 8192K, 87% used [0x00000000e6180000,0x00000000e6888028,0x00000000e6980000)
  to   space 8704K, 0% used [0x00000000e5880000,0x00000000e5880000,0x00000000e6100000)
 ParOldGen       total 44032K, used 14317K [0x00000000a1a00000, 0x00000000a4500000, 0x00000000e0900000)
  object space 44032K, 32% used [0x00000000a1a00000,0x00000000a27fb5b8,0x00000000a4500000)
 Metaspace       used 32681K, capacity 34254K, committed 34432K, reserved 1079296K
  class space    used 4387K, capacity 4724K, committed 4736K, reserved 1048576K
}
Event: 14.676 GC heap before
{Heap before GC invocations=15 (full 2):
 PSYoungGen      total 89600K, used 88608K [0x00000000e0900000, 0x00000000e6980000, 0x0000000100000000)
  eden space 81408K, 100% used [0x00000000e0900000,0x00000000e5880000,0x00000000e5880000)
  from space 8192K, 87% used [0x00000000e6180000,0x00000000e6888028,0x00000000e6980000)
  to   space 8704K, 0% used [0x00000000e5880000,0x00000000e5880000,0x00000000e6100000)
 ParOldGen       total 44032K, used 14317K [0x00000000a1a00000, 0x00000000a4500000, 0x00000000e0900000)
  object space 44032K, 32% used [0x00000000a1a00000,0x00000000a27fb5b8,0x00000000a4500000)
 Metaspace       used 33984K, capacity 35688K, committed 35968K, reserved 1081344K
  class space    used 4536K, capacity 4897K, committed 4992K, reserved 1048576K
Event: 14.688 GC heap after
Heap after GC invocations=15 (full 2):
 PSYoungGen      total 90112K, used 2571K [0x00000000e0900000, 0x00000000e8180000, 0x0000000100000000)
  eden space 81408K, 0% used [0x00000000e0900000,0x00000000e0900000,0x00000000e5880000)
  from space 8704K, 29% used [0x00000000e5880000,0x00000000e5b02f88,0x00000000e6100000)
  to   space 8704K, 0% used [0x00000000e7900000,0x00000000e7900000,0x00000000e8180000)
 ParOldGen       total 44032K, used 19773K [0x00000000a1a00000, 0x00000000a4500000, 0x00000000e0900000)
  object space 44032K, 44% used [0x00000000a1a00000,0x00000000a2d4f760,0x00000000a4500000)
 Metaspace       used 33984K, capacity 35688K, committed 35968K, reserved 1081344K
  class space    used 4536K, capacity 4897K, committed 4992K, reserved 1048576K
}

Deoptimization events (0 events):
No events

Internal exceptions (10 events):
Event: 14.768 Thread 0x0000000058a9b800 Implicit null exception at 0x0000000002ea3d0d to 0x0000000002ea3f35
Event: 14.768 Thread 0x0000000058a9b800 Exception <a 'java/lang/NullPointerException'> (0x00000000e0e8a2d0) thrown at [C:\re\workspace\8-2-build-windows-amd64-cygwin\jdk8u121\8372\hotspot\src\share\vm\runtime\sharedRuntime.cpp, line 605]
Event: 14.769 Thread 0x0000000058a9b800 Implicit null exception at 0x0000000002ea3d0d to 0x0000000002ea3f35
Event: 14.769 Thread 0x0000000058a9b800 Exception <a 'java/lang/NullPointerException'> (0x00000000e0e8b080) thrown at [C:\re\workspace\8-2-build-windows-amd64-cygwin\jdk8u121\8372\hotspot\src\share\vm\runtime\sharedRuntime.cpp, line 605]
Event: 14.784 Thread 0x0000000058a9b800 Exception <a 'java/lang/ArrayIndexOutOfBoundsException'> (0x00000000e100dc08) thrown at [C:\re\workspace\8-2-build-windows-amd64-cygwin\jdk8u121\8372\hotspot\src\share\vm\runtime\sharedRuntime.cpp, line 605]
Event: 14.803 Thread 0x0000000058a9b800 Exception <a 'java/lang/ArrayIndexOutOfBoundsException'> (0x00000000e10d9298) thrown at [C:\re\workspace\8-2-build-windows-amd64-cygwin\jdk8u121\8372\hotspot\src\share\vm\runtime\sharedRuntime.cpp, line 605]
Event: 14.809 Thread 0x0000000058a9b800 Exception <a 'java/lang/ArrayIndexOutOfBoundsException'> (0x00000000e10fc3f8) thrown at [C:\re\workspace\8-2-build-windows-amd64-cygwin\jdk8u121\8372\hotspot\src\share\vm\runtime\sharedRuntime.cpp, line 605]
Event: 14.813 Thread 0x0000000058a9b800 Exception <a 'java/lang/ArrayIndexOutOfBoundsException'> (0x00000000e1104c98) thrown at [C:\re\workspace\8-2-build-windows-amd64-cygwin\jdk8u121\8372\hotspot\src\share\vm\runtime\sharedRuntime.cpp, line 605]
Event: 14.831 Thread 0x0000000058a9b800 Exception <a 'java/lang/ArrayIndexOutOfBoundsException'> (0x00000000e1170d68) thrown at [C:\re\workspace\8-2-build-windows-amd64-cygwin\jdk8u121\8372\hotspot\src\share\vm\runtime\sharedRuntime.cpp, line 605]
Event: 14.838 Thread 0x0000000058a9b800 Exception <a 'java/lang/ArrayIndexOutOfBoundsException'> (0x00000000e11db330) thrown at [C:\re\workspace\8-2-build-windows-amd64-cygwin\jdk8u121\8372\hotspot\src\share\vm\runtime\sharedRuntime.cpp, line 605]

Events (10 events):
Event: 14.839 loading class org/springframework/core/ResolvableType$WildcardBounds$Kind
Event: 14.839 loading class org/springframework/core/ResolvableType$WildcardBounds$Kind done
Event: 14.845 loading class org/springframework/boot/autoconfigure/orm/jpa/HibernateDefaultDdlAutoProvider
Event: 14.845 loading class org/springframework/boot/autoconfigure/orm/jpa/HibernateDefaultDdlAutoProvider done
Event: 14.846 loading class org/springframework/boot/jdbc/metadata/CompositeDataSourcePoolMetadataProvider
Event: 14.846 loading class org/springframework/boot/jdbc/metadata/CompositeDataSourcePoolMetadataProvider done
Event: 14.854 loading class org/springframework/boot/jdbc/metadata/DataSourcePoolMetadataProvider
Event: 14.854 loading class org/springframework/boot/jdbc/metadata/DataSourcePoolMetadataProvider done
Event: 14.855 loading class java/lang/invoke/LambdaForm$Hidden
Event: 14.855 loading class java/lang/invoke/LambdaForm$Hidden done


Dynamic libraries:
0x000000013f910000 - 0x000000013f947000 	C:\Program Files\Java\jdk1.8.0_121\bin\java.exe
0x00000000777a0000 - 0x000000007793f000 	C:\Windows\SYSTEM32\ntdll.dll
0x000007fef4870000 - 0x000007fef48a4000 	C:\Program Files\AVAST Software\Avast\x64\aswhooka.dll
0x0000000077580000 - 0x000000007769f000 	C:\Windows\system32\kernel32.dll
0x000007fefd540000 - 0x000007fefd5aa000 	C:\Windows\system32\KERNELBASE.dll
0x000007feff4b0000 - 0x000007feff58b000 	C:\Windows\system32\ADVAPI32.dll
0x000007feff7c0000 - 0x000007feff85f000 	C:\Windows\system32\msvcrt.dll
0x000007feff490000 - 0x000007feff4af000 	C:\Windows\SYSTEM32\sechost.dll
0x000007feff690000 - 0x000007feff7bd000 	C:\Windows\system32\RPCRT4.dll
0x00000000776a0000 - 0x000000007779a000 	C:\Windows\system32\USER32.dll
0x000007fefdd90000 - 0x000007fefddf7000 	C:\Windows\system32\GDI32.dll
0x000007feff300000 - 0x000007feff30e000 	C:\Windows\system32\LPK.dll
0x000007feff230000 - 0x000007feff2fb000 	C:\Windows\system32\USP10.dll
0x000007fefbe90000 - 0x000007fefc084000 	C:\Windows\WinSxS\amd64_microsoft.windows.common-controls_6595b64144ccf1df_6.0.7601.18837_none_fa3b1e3d17594757\COMCTL32.dll
0x000007feff5e0000 - 0x000007feff651000 	C:\Windows\system32\SHLWAPI.dll
0x000007feff660000 - 0x000007feff68e000 	C:\Windows\system32\IMM32.DLL
0x000007fefe2b0000 - 0x000007fefe3b9000 	C:\Windows\system32\MSCTF.dll
0x0000000073eb0000 - 0x0000000073f82000 	C:\Program Files\Java\jdk1.8.0_121\jre\bin\msvcr100.dll
0x0000000069790000 - 0x000000006a02b000 	C:\Program Files\Java\jdk1.8.0_121\jre\bin\server\jvm.dll
0x000007fef82e0000 - 0x000007fef82e9000 	C:\Windows\system32\WSOCK32.dll
0x000007feff590000 - 0x000007feff5dd000 	C:\Windows\system32\WS2_32.dll
0x000007feffa80000 - 0x000007feffa88000 	C:\Windows\system32\NSI.dll
0x000007fefb140000 - 0x000007fefb17b000 	C:\Windows\system32\WINMM.dll
0x000007fefc550000 - 0x000007fefc55c000 	C:\Windows\system32\VERSION.dll
0x0000000077940000 - 0x0000000077947000 	C:\Windows\system32\PSAPI.DLL
0x0000000074b20000 - 0x0000000074b2f000 	C:\Program Files\Java\jdk1.8.0_121\jre\bin\verify.dll
0x00000000743a0000 - 0x00000000743c9000 	C:\Program Files\Java\jdk1.8.0_121\jre\bin\java.dll
0x0000000074350000 - 0x0000000074373000 	C:\Program Files\Java\jdk1.8.0_121\jre\bin\instrument.dll
0x0000000074380000 - 0x0000000074396000 	C:\Program Files\Java\jdk1.8.0_121\jre\bin\zip.dll
0x000007fefe4a0000 - 0x000007feff22b000 	C:\Windows\system32\SHELL32.dll
0x000007feff880000 - 0x000007feffa7d000 	C:\Windows\system32\ole32.dll
0x000007fefd480000 - 0x000007fefd48f000 	C:\Windows\system32\profapi.dll
0x000007fef4120000 - 0x000007fef413a000 	C:\Program Files\JetBrains\IntelliJ IDEA 2018.2.5\bin\breakgen64.dll
0x00000000741a0000 - 0x00000000741ba000 	C:\Program Files\Java\jdk1.8.0_121\jre\bin\net.dll
0x000007fefcc00000 - 0x000007fefcc55000 	C:\Windows\system32\mswsock.dll
0x000007fefcbf0000 - 0x000007fefcbf7000 	C:\Windows\System32\wship6.dll
0x0000000074b10000 - 0x0000000074b1d000 	C:\Program Files\Java\jdk1.8.0_121\jre\bin\management.dll
0x0000000074180000 - 0x0000000074191000 	C:\Program Files\Java\jdk1.8.0_121\jre\bin\nio.dll
0x000007fefb880000 - 0x000007fefb895000 	C:\Windows\system32\NLAapi.dll
0x000007fef9350000 - 0x000007fef9365000 	C:\Windows\system32\napinsp.dll
0x000007fef92f0000 - 0x000007fef9309000 	C:\Windows\system32\pnrpnsp.dll
0x000007fefca80000 - 0x000007fefcadb000 	C:\Windows\system32\DNSAPI.dll
0x000007fef9340000 - 0x000007fef934b000 	C:\Windows\System32\winrnr.dll
0x000007fef9330000 - 0x000007fef9340000 	C:\Windows\system32\wshbth.dll
0x000007fefc620000 - 0x000007fefc627000 	C:\Windows\System32\wshtcpip.dll
0x000007fefafd0000 - 0x000007fefaff7000 	C:\Windows\system32\IPHLPAPI.DLL
0x000007fefafc0000 - 0x000007fefafcb000 	C:\Windows\system32\WINNSI.DLL
0x000007fef8990000 - 0x000007fef8998000 	C:\Windows\system32\rasadhlp.dll
0x000007fefade0000 - 0x000007fefae33000 	C:\Windows\System32\fwpuclnt.dll
0x000007fefcc60000 - 0x000007fefcc78000 	C:\Windows\system32\CRYPTSP.dll
0x000007fefc960000 - 0x000007fefc9a7000 	C:\Windows\system32\rsaenh.dll
0x000007fefd660000 - 0x000007fefd67e000 	C:\Windows\system32\USERENV.dll
0x000007fefd310000 - 0x000007fefd31f000 	C:\Windows\system32\CRYPTBASE.dll
0x000007fefad40000 - 0x000007fefad58000 	C:\Windows\system32\dhcpcsvc.DLL
0x000007fefad20000 - 0x000007fefad31000 	C:\Windows\system32\dhcpcsvc6.DLL

VM Arguments:
jvm_args: -XX:TieredStopAtLevel=1 -Xverify:none -Dspring.output.ansi.enabled=always -Dcom.sun.management.jmxremote -Dcom.sun.management.jmxremote.port=56188 -Dcom.sun.management.jmxremote.authenticate=false -Dcom.sun.management.jmxremote.ssl=false -Djava.rmi.server.hostname=localhost -Dspring.liveBeansView.mbeanDomain -Dspring.application.admin.enabled=true -javaagent:C:\Program Files\JetBrains\IntelliJ IDEA 2018.2.5\lib\idea_rt.jar=56189:C:\Program Files\JetBrains\IntelliJ IDEA 2018.2.5\bin -Dfile.encoding=UTF-8 
java_command: com.coderbd.sds.SdsApplication
java_class_path (initial): C:\Program Files\Java\jdk1.8.0_121\jre\lib\charsets.jar;C:\Program Files\Java\jdk1.8.0_121\jre\lib\deploy.jar;C:\Program Files\Java\jdk1.8.0_121\jre\lib\ext\access-bridge-64.jar;C:\Program Files\Java\jdk1.8.0_121\jre\lib\ext\cldrdata.jar;C:\Program Files\Java\jdk1.8.0_121\jre\lib\ext\dnsns.jar;C:\Program Files\Java\jdk1.8.0_121\jre\lib\ext\jaccess.jar;C:\Program Files\Java\jdk1.8.0_121\jre\lib\ext\jfxrt.jar;C:\Program Files\Java\jdk1.8.0_121\jre\lib\ext\localedata.jar;C:\Program Files\Java\jdk1.8.0_121\jre\lib\ext\nashorn.jar;C:\Program Files\Java\jdk1.8.0_121\jre\lib\ext\sunec.jar;C:\Program Files\Java\jdk1.8.0_121\jre\lib\ext\sunjce_provider.jar;C:\Program Files\Java\jdk1.8.0_121\jre\lib\ext\sunmscapi.jar;C:\Program Files\Java\jdk1.8.0_121\jre\lib\ext\sunpkcs11.jar;C:\Program Files\Java\jdk1.8.0_121\jre\lib\ext\zipfs.jar;C:\Program Files\Java\jdk1.8.0_121\jre\lib\javaws.jar;C:\Program Files\Java\jdk1.8.0_121\jre\lib\jce.jar;C:\Program Files\Java\jdk1.8.0_121\jre\lib\jfr.jar;C:\Program Files\Java\jdk1.8.0_121\jre\lib\jfxswt.jar;C:\Program Files\Java\jdk1.8.0_121\jre\lib\jsse.jar;C:\Program Files\Java\jdk1.8.0_121\jre\lib\management-agent.jar;C:\Program Files\Java\jdk1.8.0_121\jre\lib\plugin.jar;C:\Program Files\Java\jdk1.8.0_121\jre\lib\resources.jar;C:\Program Files\Java\jdk1.8.0_121\jre\lib\rt.jar;E:\2019-Clients\sofiul-alam\sds\target\classes;C:\Users\Rajail Islam\.m2\repository\org\springframework\boot\spring-boot-starter-cache\2.1.0.RELEASE\spring-boot-starter-cache-2.1.0.RELEASE.jar;C:\Users\Rajail Islam\.m2\repository\org\springframework\boot\spring-boot-starter\2.1.0.RELEASE\spring-boot-starter-2.1.0.RELEASE.jar;C:\Users\Rajail Islam\.m2\repository\org\springframework\boot\spring-boot-starter-logging\2.1.0.RELEASE\spring-boot-starter-logging-2.1.0.RELEASE.jar;C:\Users\Rajail Islam\.m2\repository\ch\qos\logback\logback-classic\1.2.3\logback-classic-1.2.3.jar;C:\Users\Rajail Islam\.m2\repository\ch\qos\logback\logback-core\1.2.3\l
Launcher Type: SUN_STANDARD

Environment Variables:
JAVA_HOME=C:\Program Files\Java\jdk1.8.0_121
PATH=C:\ProgramData\Oracle\Java\javapath;C:\Program Files (x86)\Intel\iCLS Client\;C:\Program Files\Intel\iCLS Client\;C:\Windows\system32;C:\Windows;C:\Windows\System32\Wbem;C:\Windows\System32\WindowsPowerShell\v1.0\;C:\Program Files\Intel\Intel(R) Management Engine Components\DAL;C:\Program Files\Intel\Intel(R) Management Engine Components\IPT;C:\Program Files (x86)\Intel\Intel(R) Management Engine Components\DAL;C:\Program Files (x86)\Intel\Intel(R) Management Engine Components\IPT;D:\c-drive\maven\bin;D:\c-drive\gradle\bin;D:\c-drive\android\bin;D:\c-drive\andrioid-sdk\platform-tools;C:\Program Files\Cloud Foundry;D:\c-drive\ant\bin;C:\Program Files (x86)\GtkSharp\2.12\bin;C:\Program Files\MongoDB\Server\3.6\bin;C:\Program Files\Java\jdk1.8.0_121;D:\c-drive\gradle\bin;D:\c-drive\nodejs;C:\Program Files\Java\jdk1.8.0_121\bin;;E:\softare-install\Microsoft VS Code\bin;C:\Users\Rajail Islam\AppData\Roaming\npm
USERNAME=Rajail Islam
OS=Windows_NT
PROCESSOR_IDENTIFIER=Intel64 Family 6 Model 69 Stepping 1, GenuineIntel



---------------  S Y S T E M  ---------------

OS: Windows 7 , 64 bit Build 7601 (6.1.7601.24094)

CPU:total 4 (2 cores per cpu, 2 threads per core) family 6 model 69 stepping 1, cmov, cx8, fxsr, mmx, sse, sse2, sse3, ssse3, sse4.1, sse4.2, popcnt, avx, avx2, aes, clmul, erms, lzcnt, ht, tsc, tscinvbit, bmi1, bmi2

Memory: 4k page, physical 6177132k(905320k free), swap 6175256k(16364k free)

vm_info: Java HotSpot(TM) 64-Bit Server VM (25.121-b13) for windows-amd64 JRE (1.8.0_121-b13), built on Dec 12 2016 18:21:36 by "java_re" with MS VC++ 10.0 (VS2010)

time: Thu Nov 22 22:28:16 2018
elapsed time: 14 seconds (0d 0h 0m 14s)

